<?xml version="1.0" encoding="UTF-8"?>
<testsuite xmlns:xsi="http://www.w3.org/2001/XMLSchema-instance" xsi:noNamespaceSchemaLocation="https://maven.apache.org/surefire/maven-surefire-plugin/xsd/surefire-test-report-3.0.xsd" version="3.0" name="UniversiteServicesTest" time="4.869" tests="11" errors="0" skipped="0" failures="0">
  <properties>
[...]
</properties>
  <testcase name="testUpdateUniversity" classname="UniversiteServicesTest" time="4.584"/>
  <testcase name="testDesaffecterFoyerAUniversite_Success" classname="UniversiteServicesTest" time="0.014"/>
  <testcase name="testRetrouverUniversitesParFoyer" classname="UniversiteServicesTest" time="0.016"/>
  <testcase name="testRetrieveUniversity_NotExists" classname="UniversiteServicesTest" time="0.008"/>
  <testcase name="testRetrieveAllUniversities" classname="UniversiteServicesTest" time="0.007"/>
  <testcase name="testRetrieveUniversity_Existe" classname="UniversiteServicesTest" time="0.007"/>
  <testcase name="testRetrieveUniversity_Exists" classname="UniversiteServicesTest" time="0.007"/>
  <testcase name="testProcessUniversityAction_AffecterFoyer" classname="UniversiteServicesTest" time="0.048">
    <system-out><![CDATA[02:13:33.809 [main] INFO tn.esprit.tpfoyer17.services.impementations.UniversiteService -- Foyer affected to Université with ID: 1
]]></system-out>
  </testcase>
  <testcase name="testAffecterFoyerAUniversite_Success" classname="UniversiteServicesTest" time="0.013"/>
  <testcase name="testDeleteUniversity_ProductExists" classname="UniversiteServicesTest" time="0.009"/>
  <testcase name="testAddUniversity" classname="UniversiteServicesTest" time="0.004"/>
</testsuite>