<?xml version="1.0" encoding="UTF-8"?>
<testsuite xmlns:xsi="http://www.w3.org/2001/XMLSchema-instance" xsi:noNamespaceSchemaLocation="https://maven.apache.org/surefire/maven-surefire-plugin/xsd/surefire-test-report-3.0.xsd" version="3.0" name="tn.esprit.tpfoyer17.ChambreServiceTest" time="36.825" tests="10" errors="0" skipped="0" failures="1">
  <properties>
[...]
</properties>
  <testcase name="testAddChambre" classname="tn.esprit.tpfoyer17.ChambreServiceTest" time="1.778">
    <system-out><![CDATA[15:22:13.146 [main] INFO org.springframework.test.context.support.AnnotationConfigContextLoaderUtils -- Could not detect default configuration classes for test class [tn.esprit.tpfoyer17.ChambreServiceTest]: ChambreServiceTest does not declare any static, non-private, non-final, nested classes annotated with @Configuration.
15:22:13.331 [main] INFO org.springframework.boot.test.context.SpringBootTestContextBootstrapper -- Found @SpringBootConfiguration tn.esprit.tpfoyer17.TpFoyer17Application for test class tn.esprit.tpfoyer17.ChambreServiceTest

  .   ____          _            __ _ _
 /\\ / ___'_ __ _ _(_)_ __  __ _ \ \ \ \
( ( )\___ | '_ | '_| | '_ \/ _` | \ \ \ \
 \\/  ___)| |_)| | | | | || (_| |  ) ) ) )
  '  |____| .__|_| |_|_| |_\__, | / / / /
 =========|_|==============|___/=/_/_/_/
 :: Spring Boot ::                (v3.1.3)

2024-11-08T15:22:13.758+01:00  INFO 2872 --- [           main] tn.esprit.tpfoyer17.ChambreServiceTest   : Starting ChambreServiceTest using Java 18.0.2 with PID 2872 (started by Nazih in C:\Users\Nazih\Vagrant\DevOps\DevOps_Project)
2024-11-08T15:22:13.760+01:00  INFO 2872 --- [           main] tn.esprit.tpfoyer17.ChambreServiceTest   : No active profile set, falling back to 1 default profile: "default"
2024-11-08T15:22:14.791+01:00  INFO 2872 --- [           main] .s.d.r.c.RepositoryConfigurationDelegate : Bootstrapping Spring Data JPA repositories in DEFAULT mode.
2024-11-08T15:22:14.866+01:00  INFO 2872 --- [           main] .s.d.r.c.RepositoryConfigurationDelegate : Finished Spring Data repository scanning in 68 ms. Found 6 JPA repository interfaces.
2024-11-08T15:22:15.427+01:00  INFO 2872 --- [           main] o.hibernate.jpa.internal.util.LogHelper  : HHH000204: Processing PersistenceUnitInfo [name: default]
2024-11-08T15:22:15.481+01:00  INFO 2872 --- [           main] org.hibernate.Version                    : HHH000412: Hibernate ORM core version 6.2.7.Final
2024-11-08T15:22:15.483+01:00  INFO 2872 --- [           main] org.hibernate.cfg.Environment            : HHH000406: Using bytecode reflection optimizer
2024-11-08T15:22:15.622+01:00  INFO 2872 --- [           main] o.h.b.i.BytecodeProviderInitiator        : HHH000021: Bytecode provider name : bytebuddy
2024-11-08T15:22:15.798+01:00  INFO 2872 --- [           main] o.s.o.j.p.SpringPersistenceUnitInfo      : No LoadTimeWeaver setup: ignoring JPA class transformer
2024-11-08T15:22:15.817+01:00  INFO 2872 --- [           main] com.zaxxer.hikari.HikariDataSource       : HikariPool-1 - Starting...
2024-11-08T15:22:16.318+01:00  INFO 2872 --- [           main] com.zaxxer.hikari.pool.HikariPool        : HikariPool-1 - Added connection com.mysql.cj.jdbc.ConnectionImpl@782ac148
2024-11-08T15:22:16.328+01:00  INFO 2872 --- [           main] com.zaxxer.hikari.HikariDataSource       : HikariPool-1 - Start completed.
2024-11-08T15:22:16.563+01:00  WARN 2872 --- [           main] org.hibernate.dialect.Dialect            : HHH000511: The 5.5.0 version for [org.hibernate.dialect.MySQLDialect] is no longer supported, hence certain features may not work properly. The minimum supported version is 5.7.0. Check the community dialects project for available legacy versions.
2024-11-08T15:22:17.051+01:00  INFO 2872 --- [           main] o.h.b.i.BytecodeProviderInitiator        : HHH000021: Bytecode provider name : bytebuddy
2024-11-08T15:22:18.080+01:00  INFO 2872 --- [           main] o.h.e.t.j.p.i.JtaPlatformInitiator       : HHH000490: Using JtaPlatform implementation: [org.hibernate.engine.transaction.jta.platform.internal.NoJtaPlatform]
Hibernate: create table bloc (id_bloc bigint not null auto_increment, capacite_bloc bigint not null, nom_bloc varchar(255), foyer_id_foyer bigint, primary key (id_bloc)) engine=InnoDB
Hibernate: create table chambre (id_chambre bigint not null auto_increment, numero_chambre bigint not null, type_chambre enum ('DOUBLE','SIMPLE','SINGLE','TRIPLE'), bloc_id_bloc bigint, primary key (id_chambre)) engine=InnoDB
Hibernate: create table chambre_reservations (chambre_id_chambre bigint not null, reservations_id_reservation varchar(255) not null, primary key (chambre_id_chambre, reservations_id_reservation)) engine=InnoDB
Hibernate: create table etudiant (id_etudiant bigint not null auto_increment, cin_etudiant bigint not null, date_naissance datetime(6), nom_etudiant varchar(255), prenom_etudiant varchar(255), primary key (id_etudiant)) engine=InnoDB
Hibernate: create table foyer (id_foyer bigint not null auto_increment, capacite_foyer bigint not null, nom_foyer varchar(255), primary key (id_foyer)) engine=InnoDB
Hibernate: create table reservation (id_reservation varchar(255) not null, annee_universitaire date, est_valide bit not null, primary key (id_reservation)) engine=InnoDB
Hibernate: create table reservation_etudiants (reservations_id_reservation varchar(255) not null, etudiants_id_etudiant bigint not null, primary key (reservations_id_reservation, etudiants_id_etudiant)) engine=InnoDB
Hibernate: create table universite (id_universite bigint not null auto_increment, adresse varchar(255), nom_universite varchar(255), foyer_id_foyer bigint, primary key (id_universite)) engine=InnoDB
Hibernate: alter table chambre_reservations drop index UK_lhhok2kyd975dqwp4cuo2w6df
Hibernate: alter table chambre_reservations add constraint UK_lhhok2kyd975dqwp4cuo2w6df unique (reservations_id_reservation)
Hibernate: alter table universite drop index UK_shp3tdxapicb48phb2shb39gu
Hibernate: alter table universite add constraint UK_shp3tdxapicb48phb2shb39gu unique (foyer_id_foyer)
Hibernate: alter table bloc add constraint FKrlx3b5jtde0ftmmrcqbifn0pt foreign key (foyer_id_foyer) references foyer (id_foyer)
Hibernate: alter table chambre add constraint FKe3jmwbj3ohvcd61fqhgivoe9j foreign key (bloc_id_bloc) references bloc (id_bloc)
Hibernate: alter table chambre_reservations add constraint FKhx2j8u5cpdmo8pptjvnsjqwma foreign key (reservations_id_reservation) references reservation (id_reservation)
Hibernate: alter table chambre_reservations add constraint FKqy33yndadmosa4l31qk6v3vm2 foreign key (chambre_id_chambre) references chambre (id_chambre)
Hibernate: alter table reservation_etudiants add constraint FK53dc9htdv7ne29h80i08urcqv foreign key (etudiants_id_etudiant) references etudiant (id_etudiant)
Hibernate: alter table reservation_etudiants add constraint FKr9q9iw0kkhggmvjpnlv00h385 foreign key (reservations_id_reservation) references reservation (id_reservation)
Hibernate: alter table universite add constraint FK2b4r95emuv9ea1064hjqxpqq foreign key (foyer_id_foyer) references foyer (id_foyer)
2024-11-08T15:22:33.123+01:00  INFO 2872 --- [           main] j.LocalContainerEntityManagerFactoryBean : Initialized JPA EntityManagerFactory for persistence unit 'default'
2024-11-08T15:22:34.338+01:00  INFO 2872 --- [           main] o.s.d.j.r.query.QueryEnhancerFactory     : Hibernate is in classpath; If applicable, HQL parser will be used.
2024-11-08T15:22:36.505+01:00  WARN 2872 --- [           main] JpaBaseConfiguration$JpaWebConfiguration : spring.jpa.open-in-view is enabled by default. Therefore, database queries may be performed during view rendering. Explicitly configure spring.jpa.open-in-view to disable this warning
2024-11-08T15:22:40.182+01:00  INFO 2872 --- [           main] tn.esprit.tpfoyer17.ChambreServiceTest   : Started ChambreServiceTest in 26.682 seconds (process running for 28.514)
Hibernate: insert into chambre (bloc_id_bloc,numero_chambre,type_chambre) values (?,?,?)
Hibernate: select c1_0.id_chambre,c1_0.bloc_id_bloc,c1_0.numero_chambre,c1_0.type_chambre from chambre c1_0
2024-11-08T15:22:41.984+01:00  INFO 2872 --- [           main] j.LocalContainerEntityManagerFactoryBean : Closing JPA EntityManagerFactory for persistence unit 'default'
2024-11-08T15:22:41.987+01:00  INFO 2872 --- [           main] com.zaxxer.hikari.HikariDataSource       : HikariPool-1 - Shutdown initiated...
2024-11-08T15:22:42.003+01:00  INFO 2872 --- [           main] com.zaxxer.hikari.HikariDataSource       : HikariPool-1 - Shutdown completed.
]]></system-out>
  </testcase>
  <testcase name="testRetrieveAllChambres" classname="tn.esprit.tpfoyer17.ChambreServiceTest" time="0.015">
    <system-out><![CDATA[
  .   ____          _            __ _ _
 /\\ / ___'_ __ _ _(_)_ __  __ _ \ \ \ \
( ( )\___ | '_ | '_| | '_ \/ _` | \ \ \ \
 \\/  ___)| |_)| | | | | || (_| |  ) ) ) )
  '  |____| .__|_| |_|_| |_\__, | / / / /
 =========|_|==============|___/=/_/_/_/
 :: Spring Boot ::                (v3.1.3)

2024-11-08T15:22:42.039+01:00  INFO 2872 --- [           main] tn.esprit.tpfoyer17.ChambreServiceTest   : Starting ChambreServiceTest using Java 18.0.2 with PID 2872 (started by Nazih in C:\Users\Nazih\Vagrant\DevOps\DevOps_Project)
2024-11-08T15:22:42.040+01:00  INFO 2872 --- [           main] tn.esprit.tpfoyer17.ChambreServiceTest   : No active profile set, falling back to 1 default profile: "default"
2024-11-08T15:22:42.382+01:00  INFO 2872 --- [           main] .s.d.r.c.RepositoryConfigurationDelegate : Bootstrapping Spring Data JPA repositories in DEFAULT mode.
2024-11-08T15:22:42.399+01:00  INFO 2872 --- [           main] .s.d.r.c.RepositoryConfigurationDelegate : Finished Spring Data repository scanning in 17 ms. Found 6 JPA repository interfaces.
2024-11-08T15:22:42.491+01:00  INFO 2872 --- [           main] o.hibernate.jpa.internal.util.LogHelper  : HHH000204: Processing PersistenceUnitInfo [name: default]
2024-11-08T15:22:42.498+01:00  INFO 2872 --- [           main] o.h.b.i.BytecodeProviderInitiator        : HHH000021: Bytecode provider name : bytebuddy
2024-11-08T15:22:42.498+01:00  INFO 2872 --- [           main] o.s.o.j.p.SpringPersistenceUnitInfo      : No LoadTimeWeaver setup: ignoring JPA class transformer
2024-11-08T15:22:42.499+01:00  INFO 2872 --- [           main] com.zaxxer.hikari.HikariDataSource       : HikariPool-2 - Starting...
2024-11-08T15:22:42.503+01:00  INFO 2872 --- [           main] com.zaxxer.hikari.pool.HikariPool        : HikariPool-2 - Added connection com.mysql.cj.jdbc.ConnectionImpl@7f6a0ab
2024-11-08T15:22:42.504+01:00  INFO 2872 --- [           main] com.zaxxer.hikari.HikariDataSource       : HikariPool-2 - Start completed.
2024-11-08T15:22:42.505+01:00  WARN 2872 --- [           main] org.hibernate.dialect.Dialect            : HHH000511: The 5.5.0 version for [org.hibernate.dialect.MySQLDialect] is no longer supported, hence certain features may not work properly. The minimum supported version is 5.7.0. Check the community dialects project for available legacy versions.
2024-11-08T15:22:42.536+01:00  INFO 2872 --- [           main] o.h.b.i.BytecodeProviderInitiator        : HHH000021: Bytecode provider name : bytebuddy
2024-11-08T15:22:42.631+01:00  INFO 2872 --- [           main] o.h.e.t.j.p.i.JtaPlatformInitiator       : HHH000490: Using JtaPlatform implementation: [org.hibernate.engine.transaction.jta.platform.internal.NoJtaPlatform]
Hibernate: alter table chambre modify column type_chambre  enum ('DOUBLE','SIMPLE','SINGLE','TRIPLE')
Hibernate: alter table etudiant modify column date_naissance  datetime(6)
2024-11-08T15:22:43.377+01:00  INFO 2872 --- [           main] j.LocalContainerEntityManagerFactoryBean : Initialized JPA EntityManagerFactory for persistence unit 'default'
2024-11-08T15:22:43.577+01:00  WARN 2872 --- [           main] JpaBaseConfiguration$JpaWebConfiguration : spring.jpa.open-in-view is enabled by default. Therefore, database queries may be performed during view rendering. Explicitly configure spring.jpa.open-in-view to disable this warning
2024-11-08T15:22:44.259+01:00  INFO 2872 --- [           main] tn.esprit.tpfoyer17.ChambreServiceTest   : Started ChambreServiceTest in 2.248 seconds (process running for 32.59)
Hibernate: select c1_0.id_chambre,c1_0.bloc_id_bloc,c1_0.numero_chambre,c1_0.type_chambre from chambre c1_0
]]></system-out>
  </testcase>
  <testcase name="testRetrieveChambre" classname="tn.esprit.tpfoyer17.ChambreServiceTest" time="0.031">
    <system-out><![CDATA[Hibernate: select c1_0.id_chambre,b1_0.id_bloc,b1_0.capacite_bloc,f1_0.id_foyer,f1_0.capacite_foyer,f1_0.nom_foyer,b1_0.nom_bloc,c1_0.numero_chambre,c1_0.type_chambre from chambre c1_0 left join bloc b1_0 on b1_0.id_bloc=c1_0.bloc_id_bloc left join foyer f1_0 on f1_0.id_foyer=b1_0.foyer_id_foyer where c1_0.id_chambre=?
]]></system-out>
  </testcase>
  <testcase name="testUpdateChambre" classname="tn.esprit.tpfoyer17.ChambreServiceTest" time="0.166">
    <system-out><![CDATA[Hibernate: select c1_0.id_chambre,b1_0.id_bloc,b1_0.capacite_bloc,f1_0.id_foyer,f1_0.capacite_foyer,f1_0.nom_foyer,b1_0.nom_bloc,c1_0.numero_chambre,c1_0.type_chambre from chambre c1_0 left join bloc b1_0 on b1_0.id_bloc=c1_0.bloc_id_bloc left join foyer f1_0 on f1_0.id_foyer=b1_0.foyer_id_foyer where c1_0.id_chambre=?
Hibernate: select c1_0.id_chambre,b1_0.id_bloc,b1_0.capacite_bloc,f1_0.id_foyer,f1_0.capacite_foyer,f1_0.nom_foyer,b1_0.nom_bloc,c1_0.numero_chambre,c1_0.type_chambre from chambre c1_0 left join bloc b1_0 on b1_0.id_bloc=c1_0.bloc_id_bloc left join foyer f1_0 on f1_0.id_foyer=b1_0.foyer_id_foyer where c1_0.id_chambre=?
Hibernate: update chambre set bloc_id_bloc=?,numero_chambre=?,type_chambre=? where id_chambre=?
Hibernate: select c1_0.id_chambre,b1_0.id_bloc,b1_0.capacite_bloc,f1_0.id_foyer,f1_0.capacite_foyer,f1_0.nom_foyer,b1_0.nom_bloc,c1_0.numero_chambre,c1_0.type_chambre from chambre c1_0 left join bloc b1_0 on b1_0.id_bloc=c1_0.bloc_id_bloc left join foyer f1_0 on f1_0.id_foyer=b1_0.foyer_id_foyer where c1_0.id_chambre=?
Hibernate: update chambre set bloc_id_bloc=?,numero_chambre=?,type_chambre=? where id_chambre=?
2024-11-08T15:22:44.462+01:00  INFO 2872 --- [           main] j.LocalContainerEntityManagerFactoryBean : Closing JPA EntityManagerFactory for persistence unit 'default'
2024-11-08T15:22:44.463+01:00  INFO 2872 --- [           main] com.zaxxer.hikari.HikariDataSource       : HikariPool-2 - Shutdown initiated...
2024-11-08T15:22:44.474+01:00  INFO 2872 --- [           main] com.zaxxer.hikari.HikariDataSource       : HikariPool-2 - Shutdown completed.
]]></system-out>
  </testcase>
  <testcase name="testFindByTypeChambre" classname="tn.esprit.tpfoyer17.ChambreServiceTest" time="1.125">
    <system-out><![CDATA[
  .   ____          _            __ _ _
 /\\ / ___'_ __ _ _(_)_ __  __ _ \ \ \ \
( ( )\___ | '_ | '_| | '_ \/ _` | \ \ \ \
 \\/  ___)| |_)| | | | | || (_| |  ) ) ) )
  '  |____| .__|_| |_|_| |_\__, | / / / /
 =========|_|==============|___/=/_/_/_/
 :: Spring Boot ::                (v3.1.3)

2024-11-08T15:22:44.523+01:00  INFO 2872 --- [           main] tn.esprit.tpfoyer17.ChambreServiceTest   : Starting ChambreServiceTest using Java 18.0.2 with PID 2872 (started by Nazih in C:\Users\Nazih\Vagrant\DevOps\DevOps_Project)
2024-11-08T15:22:44.524+01:00  INFO 2872 --- [           main] tn.esprit.tpfoyer17.ChambreServiceTest   : No active profile set, falling back to 1 default profile: "default"
2024-11-08T15:22:44.757+01:00  INFO 2872 --- [           main] .s.d.r.c.RepositoryConfigurationDelegate : Bootstrapping Spring Data JPA repositories in DEFAULT mode.
2024-11-08T15:22:44.774+01:00  INFO 2872 --- [           main] .s.d.r.c.RepositoryConfigurationDelegate : Finished Spring Data repository scanning in 17 ms. Found 6 JPA repository interfaces.
2024-11-08T15:22:44.853+01:00  INFO 2872 --- [           main] o.hibernate.jpa.internal.util.LogHelper  : HHH000204: Processing PersistenceUnitInfo [name: default]
2024-11-08T15:22:44.861+01:00  INFO 2872 --- [           main] o.h.b.i.BytecodeProviderInitiator        : HHH000021: Bytecode provider name : bytebuddy
2024-11-08T15:22:44.861+01:00  INFO 2872 --- [           main] o.s.o.j.p.SpringPersistenceUnitInfo      : No LoadTimeWeaver setup: ignoring JPA class transformer
2024-11-08T15:22:44.863+01:00  INFO 2872 --- [           main] com.zaxxer.hikari.HikariDataSource       : HikariPool-3 - Starting...
2024-11-08T15:22:44.866+01:00  INFO 2872 --- [           main] com.zaxxer.hikari.pool.HikariPool        : HikariPool-3 - Added connection com.mysql.cj.jdbc.ConnectionImpl@70aebcee
2024-11-08T15:22:44.866+01:00  INFO 2872 --- [           main] com.zaxxer.hikari.HikariDataSource       : HikariPool-3 - Start completed.
2024-11-08T15:22:44.867+01:00  WARN 2872 --- [           main] org.hibernate.dialect.Dialect            : HHH000511: The 5.5.0 version for [org.hibernate.dialect.MySQLDialect] is no longer supported, hence certain features may not work properly. The minimum supported version is 5.7.0. Check the community dialects project for available legacy versions.
2024-11-08T15:22:44.887+01:00  INFO 2872 --- [           main] o.h.b.i.BytecodeProviderInitiator        : HHH000021: Bytecode provider name : bytebuddy
2024-11-08T15:22:44.957+01:00  INFO 2872 --- [           main] o.h.e.t.j.p.i.JtaPlatformInitiator       : HHH000490: Using JtaPlatform implementation: [org.hibernate.engine.transaction.jta.platform.internal.NoJtaPlatform]
Hibernate: alter table chambre modify column type_chambre  enum ('DOUBLE','SIMPLE','SINGLE','TRIPLE')
Hibernate: alter table etudiant modify column date_naissance  datetime(6)
2024-11-08T15:22:45.344+01:00  INFO 2872 --- [           main] j.LocalContainerEntityManagerFactoryBean : Initialized JPA EntityManagerFactory for persistence unit 'default'
2024-11-08T15:22:45.514+01:00  WARN 2872 --- [           main] JpaBaseConfiguration$JpaWebConfiguration : spring.jpa.open-in-view is enabled by default. Therefore, database queries may be performed during view rendering. Explicitly configure spring.jpa.open-in-view to disable this warning
2024-11-08T15:22:45.948+01:00  INFO 2872 --- [           main] tn.esprit.tpfoyer17.ChambreServiceTest   : Started ChambreServiceTest in 1.466 seconds (process running for 34.28)
Hibernate: select c1_0.id_chambre,c1_0.bloc_id_bloc,c1_0.numero_chambre,c1_0.type_chambre from chambre c1_0 left join (chambre_reservations r1_0 join reservation r1_1 on r1_1.id_reservation=r1_0.reservations_id_reservation) on c1_0.id_chambre=r1_0.chambre_id_chambre where c1_0.type_chambre=? and r1_1.est_valide=?
]]></system-out>
  </testcase>
  <testcase name="testAffecterChambresABloc" classname="tn.esprit.tpfoyer17.ChambreServiceTest" time="0.372">
    <failure message="expected: not &lt;null&gt;" type="org.opentest4j.AssertionFailedError"><![CDATA[org.opentest4j.AssertionFailedError: expected: not <null>
	at org.junit.jupiter.api.AssertionFailureBuilder.build(AssertionFailureBuilder.java:152)
	at org.junit.jupiter.api.AssertionFailureBuilder.buildAndThrow(AssertionFailureBuilder.java:132)
	at org.junit.jupiter.api.AssertNotNull.failNull(AssertNotNull.java:49)
	at org.junit.jupiter.api.AssertNotNull.assertNotNull(AssertNotNull.java:35)
	at org.junit.jupiter.api.AssertNotNull.assertNotNull(AssertNotNull.java:30)
	at org.junit.jupiter.api.Assertions.assertNotNull(Assertions.java:301)
	at tn.esprit.tpfoyer17.ChambreServiceTest.testAffecterChambresABloc(ChambreServiceTest.java:120)
	at java.base/jdk.internal.reflect.DirectMethodHandleAccessor.invoke(DirectMethodHandleAccessor.java:104)
	at java.base/java.lang.reflect.Method.invoke(Method.java:577)
	at org.junit.platform.commons.util.ReflectionUtils.invokeMethod(ReflectionUtils.java:727)
	at org.junit.jupiter.engine.execution.MethodInvocation.proceed(MethodInvocation.java:60)
	at org.junit.jupiter.engine.execution.InvocationInterceptorChain$ValidatingInvocation.proceed(InvocationInterceptorChain.java:131)
	at org.junit.jupiter.engine.extension.TimeoutExtension.intercept(TimeoutExtension.java:156)
	at org.junit.jupiter.engine.extension.TimeoutExtension.interceptTestableMethod(TimeoutExtension.java:147)
	at org.junit.jupiter.engine.extension.TimeoutExtension.interceptTestMethod(TimeoutExtension.java:86)
	at org.junit.jupiter.engine.execution.InterceptingExecutableInvoker$ReflectiveInterceptorCall.lambda$ofVoidMethod$0(InterceptingExecutableInvoker.java:103)
	at org.junit.jupiter.engine.execution.InterceptingExecutableInvoker.lambda$invoke$0(InterceptingExecutableInvoker.java:93)
	at org.junit.jupiter.engine.execution.InvocationInterceptorChain$InterceptedInvocation.proceed(InvocationInterceptorChain.java:106)
	at org.junit.jupiter.engine.execution.InvocationInterceptorChain.proceed(InvocationInterceptorChain.java:64)
	at org.junit.jupiter.engine.execution.InvocationInterceptorChain.chainAndInvoke(InvocationInterceptorChain.java:45)
	at org.junit.jupiter.engine.execution.InvocationInterceptorChain.invoke(InvocationInterceptorChain.java:37)
	at org.junit.jupiter.engine.execution.InterceptingExecutableInvoker.invoke(InterceptingExecutableInvoker.java:92)
	at org.junit.jupiter.engine.execution.InterceptingExecutableInvoker.invoke(InterceptingExecutableInvoker.java:86)
	at org.junit.jupiter.engine.descriptor.TestMethodTestDescriptor.lambda$invokeTestMethod$7(TestMethodTestDescriptor.java:217)
	at org.junit.platform.engine.support.hierarchical.ThrowableCollector.execute(ThrowableCollector.java:73)
	at org.junit.jupiter.engine.descriptor.TestMethodTestDescriptor.invokeTestMethod(TestMethodTestDescriptor.java:213)
	at org.junit.jupiter.engine.descriptor.TestMethodTestDescriptor.execute(TestMethodTestDescriptor.java:138)
	at org.junit.jupiter.engine.descriptor.TestMethodTestDescriptor.execute(TestMethodTestDescriptor.java:68)
	at org.junit.platform.engine.support.hierarchical.NodeTestTask.lambda$executeRecursively$6(NodeTestTask.java:151)
	at org.junit.platform.engine.support.hierarchical.ThrowableCollector.execute(ThrowableCollector.java:73)
	at org.junit.platform.engine.support.hierarchical.NodeTestTask.lambda$executeRecursively$8(NodeTestTask.java:141)
	at org.junit.platform.engine.support.hierarchical.Node.around(Node.java:137)
	at org.junit.platform.engine.support.hierarchical.NodeTestTask.lambda$executeRecursively$9(NodeTestTask.java:139)
	at org.junit.platform.engine.support.hierarchical.ThrowableCollector.execute(ThrowableCollector.java:73)
	at org.junit.platform.engine.support.hierarchical.NodeTestTask.executeRecursively(NodeTestTask.java:138)
	at org.junit.platform.engine.support.hierarchical.NodeTestTask.execute(NodeTestTask.java:95)
	at java.base/java.util.ArrayList.forEach(ArrayList.java:1511)
	at org.junit.platform.engine.support.hierarchical.SameThreadHierarchicalTestExecutorService.invokeAll(SameThreadHierarchicalTestExecutorService.java:41)
	at org.junit.platform.engine.support.hierarchical.NodeTestTask.lambda$executeRecursively$6(NodeTestTask.java:155)
	at org.junit.platform.engine.support.hierarchical.ThrowableCollector.execute(ThrowableCollector.java:73)
	at org.junit.platform.engine.support.hierarchical.NodeTestTask.lambda$executeRecursively$8(NodeTestTask.java:141)
	at org.junit.platform.engine.support.hierarchical.Node.around(Node.java:137)
	at org.junit.platform.engine.support.hierarchical.NodeTestTask.lambda$executeRecursively$9(NodeTestTask.java:139)
	at org.junit.platform.engine.support.hierarchical.ThrowableCollector.execute(ThrowableCollector.java:73)
	at org.junit.platform.engine.support.hierarchical.NodeTestTask.executeRecursively(NodeTestTask.java:138)
	at org.junit.platform.engine.support.hierarchical.NodeTestTask.execute(NodeTestTask.java:95)
	at java.base/java.util.ArrayList.forEach(ArrayList.java:1511)
	at org.junit.platform.engine.support.hierarchical.SameThreadHierarchicalTestExecutorService.invokeAll(SameThreadHierarchicalTestExecutorService.java:41)
	at org.junit.platform.engine.support.hierarchical.NodeTestTask.lambda$executeRecursively$6(NodeTestTask.java:155)
	at org.junit.platform.engine.support.hierarchical.ThrowableCollector.execute(ThrowableCollector.java:73)
	at org.junit.platform.engine.support.hierarchical.NodeTestTask.lambda$executeRecursively$8(NodeTestTask.java:141)
	at org.junit.platform.engine.support.hierarchical.Node.around(Node.java:137)
	at org.junit.platform.engine.support.hierarchical.NodeTestTask.lambda$executeRecursively$9(NodeTestTask.java:139)
	at org.junit.platform.engine.support.hierarchical.ThrowableCollector.execute(ThrowableCollector.java:73)
	at org.junit.platform.engine.support.hierarchical.NodeTestTask.executeRecursively(NodeTestTask.java:138)
	at org.junit.platform.engine.support.hierarchical.NodeTestTask.execute(NodeTestTask.java:95)
	at org.junit.platform.engine.support.hierarchical.SameThreadHierarchicalTestExecutorService.submit(SameThreadHierarchicalTestExecutorService.java:35)
	at org.junit.platform.engine.support.hierarchical.HierarchicalTestExecutor.execute(HierarchicalTestExecutor.java:57)
	at org.junit.platform.engine.support.hierarchical.HierarchicalTestEngine.execute(HierarchicalTestEngine.java:54)
	at org.junit.platform.launcher.core.EngineExecutionOrchestrator.execute(EngineExecutionOrchestrator.java:147)
	at org.junit.platform.launcher.core.EngineExecutionOrchestrator.execute(EngineExecutionOrchestrator.java:127)
	at org.junit.platform.launcher.core.EngineExecutionOrchestrator.execute(EngineExecutionOrchestrator.java:90)
	at org.junit.platform.launcher.core.EngineExecutionOrchestrator.lambda$execute$0(EngineExecutionOrchestrator.java:55)
	at org.junit.platform.launcher.core.EngineExecutionOrchestrator.withInterceptedStreams(EngineExecutionOrchestrator.java:102)
	at org.junit.platform.launcher.core.EngineExecutionOrchestrator.execute(EngineExecutionOrchestrator.java:54)
	at org.junit.platform.launcher.core.DefaultLauncher.execute(DefaultLauncher.java:114)
	at org.junit.platform.launcher.core.DefaultLauncher.execute(DefaultLauncher.java:86)
	at org.junit.platform.launcher.core.DefaultLauncherSession$DelegatingLauncher.execute(DefaultLauncherSession.java:86)
	at org.apache.maven.surefire.junitplatform.LazyLauncher.execute(LazyLauncher.java:50)
	at org.apache.maven.surefire.junitplatform.JUnitPlatformProvider.execute(JUnitPlatformProvider.java:184)
	at org.apache.maven.surefire.junitplatform.JUnitPlatformProvider.invokeAllTests(JUnitPlatformProvider.java:148)
	at org.apache.maven.surefire.junitplatform.JUnitPlatformProvider.invoke(JUnitPlatformProvider.java:122)
	at org.apache.maven.surefire.booter.ForkedBooter.runSuitesInProcess(ForkedBooter.java:385)
	at org.apache.maven.surefire.booter.ForkedBooter.execute(ForkedBooter.java:162)
	at org.apache.maven.surefire.booter.ForkedBooter.run(ForkedBooter.java:507)
	at org.apache.maven.surefire.booter.ForkedBooter.main(ForkedBooter.java:495)
]]></failure>
    <system-out><![CDATA[Hibernate: select b1_0.id_bloc,b1_0.capacite_bloc,f1_0.id_foyer,f1_0.capacite_foyer,f1_0.nom_foyer,u1_0.id_universite,u1_0.adresse,u1_0.nom_universite,b1_0.nom_bloc from bloc b1_0 left join foyer f1_0 on f1_0.id_foyer=b1_0.foyer_id_foyer left join universite u1_0 on f1_0.id_foyer=u1_0.foyer_id_foyer where b1_0.id_bloc=?
Hibernate: select c1_0.id_chambre,c1_0.bloc_id_bloc,c1_0.numero_chambre,c1_0.type_chambre from chambre c1_0 where c1_0.numero_chambre in (?,?)
2024-11-08T15:22:47.448+01:00  INFO 2872 --- [           main] j.LocalContainerEntityManagerFactoryBean : Closing JPA EntityManagerFactory for persistence unit 'default'
2024-11-08T15:22:47.448+01:00  INFO 2872 --- [           main] com.zaxxer.hikari.HikariDataSource       : HikariPool-3 - Shutdown initiated...
2024-11-08T15:22:47.450+01:00  INFO 2872 --- [           main] com.zaxxer.hikari.HikariDataSource       : HikariPool-3 - Shutdown completed.
]]></system-out>
  </testcase>
  <testcase name="testGetChambresParNomUniversite" classname="tn.esprit.tpfoyer17.ChambreServiceTest" time="0.035">
    <system-out><![CDATA[
  .   ____          _            __ _ _
 /\\ / ___'_ __ _ _(_)_ __  __ _ \ \ \ \
( ( )\___ | '_ | '_| | '_ \/ _` | \ \ \ \
 \\/  ___)| |_)| | | | | || (_| |  ) ) ) )
  '  |____| .__|_| |_|_| |_\__, | / / / /
 =========|_|==============|___/=/_/_/_/
 :: Spring Boot ::                (v3.1.3)

2024-11-08T15:22:47.484+01:00  INFO 2872 --- [           main] tn.esprit.tpfoyer17.ChambreServiceTest   : Starting ChambreServiceTest using Java 18.0.2 with PID 2872 (started by Nazih in C:\Users\Nazih\Vagrant\DevOps\DevOps_Project)
2024-11-08T15:22:47.484+01:00  INFO 2872 --- [           main] tn.esprit.tpfoyer17.ChambreServiceTest   : No active profile set, falling back to 1 default profile: "default"
2024-11-08T15:22:47.840+01:00  INFO 2872 --- [           main] .s.d.r.c.RepositoryConfigurationDelegate : Bootstrapping Spring Data JPA repositories in DEFAULT mode.
2024-11-08T15:22:47.856+01:00  INFO 2872 --- [           main] .s.d.r.c.RepositoryConfigurationDelegate : Finished Spring Data repository scanning in 15 ms. Found 6 JPA repository interfaces.
2024-11-08T15:22:47.982+01:00  INFO 2872 --- [           main] o.hibernate.jpa.internal.util.LogHelper  : HHH000204: Processing PersistenceUnitInfo [name: default]
2024-11-08T15:22:48.006+01:00  INFO 2872 --- [           main] o.h.b.i.BytecodeProviderInitiator        : HHH000021: Bytecode provider name : bytebuddy
2024-11-08T15:22:48.006+01:00  INFO 2872 --- [           main] o.s.o.j.p.SpringPersistenceUnitInfo      : No LoadTimeWeaver setup: ignoring JPA class transformer
2024-11-08T15:22:48.007+01:00  INFO 2872 --- [           main] com.zaxxer.hikari.HikariDataSource       : HikariPool-4 - Starting...
2024-11-08T15:22:48.010+01:00  INFO 2872 --- [           main] com.zaxxer.hikari.pool.HikariPool        : HikariPool-4 - Added connection com.mysql.cj.jdbc.ConnectionImpl@66fd7b2
2024-11-08T15:22:48.010+01:00  INFO 2872 --- [           main] com.zaxxer.hikari.HikariDataSource       : HikariPool-4 - Start completed.
2024-11-08T15:22:48.011+01:00  WARN 2872 --- [           main] org.hibernate.dialect.Dialect            : HHH000511: The 5.5.0 version for [org.hibernate.dialect.MySQLDialect] is no longer supported, hence certain features may not work properly. The minimum supported version is 5.7.0. Check the community dialects project for available legacy versions.
2024-11-08T15:22:48.039+01:00  INFO 2872 --- [           main] o.h.b.i.BytecodeProviderInitiator        : HHH000021: Bytecode provider name : bytebuddy
2024-11-08T15:22:48.214+01:00  INFO 2872 --- [           main] o.h.e.t.j.p.i.JtaPlatformInitiator       : HHH000490: Using JtaPlatform implementation: [org.hibernate.engine.transaction.jta.platform.internal.NoJtaPlatform]
Hibernate: alter table chambre modify column type_chambre  enum ('DOUBLE','SIMPLE','SINGLE','TRIPLE')
Hibernate: alter table etudiant modify column date_naissance  datetime(6)
2024-11-08T15:22:48.816+01:00  INFO 2872 --- [           main] j.LocalContainerEntityManagerFactoryBean : Initialized JPA EntityManagerFactory for persistence unit 'default'
2024-11-08T15:22:48.998+01:00  WARN 2872 --- [           main] JpaBaseConfiguration$JpaWebConfiguration : spring.jpa.open-in-view is enabled by default. Therefore, database queries may be performed during view rendering. Explicitly configure spring.jpa.open-in-view to disable this warning
2024-11-08T15:22:49.467+01:00  INFO 2872 --- [           main] tn.esprit.tpfoyer17.ChambreServiceTest   : Started ChambreServiceTest in 2.011 seconds (process running for 37.798)
Hibernate: select c1_0.id_chambre,c1_0.bloc_id_bloc,c1_0.numero_chambre,c1_0.type_chambre from chambre c1_0 left join bloc b1_0 on b1_0.id_bloc=c1_0.bloc_id_bloc left join foyer f1_0 on f1_0.id_foyer=b1_0.foyer_id_foyer left join universite u1_0 on f1_0.id_foyer=u1_0.foyer_id_foyer where u1_0.nom_universite like ? escape '\\'
]]></system-out>
  </testcase>
  <testcase name="testGetChambresParBlocEtType" classname="tn.esprit.tpfoyer17.ChambreServiceTest" time="0.011">
    <system-out><![CDATA[Hibernate: select c1_0.id_chambre,c1_0.bloc_id_bloc,c1_0.numero_chambre,c1_0.type_chambre from chambre c1_0 where c1_0.bloc_id_bloc=? and c1_0.type_chambre=?
]]></system-out>
  </testcase>
  <testcase name="testGetChambresParBlocEtTypeJPQL" classname="tn.esprit.tpfoyer17.ChambreServiceTest" time="0.013">
    <system-out><![CDATA[Hibernate: select c1_0.id_chambre,c1_0.bloc_id_bloc,c1_0.numero_chambre,c1_0.type_chambre from chambre c1_0 where c1_0.bloc_id_bloc=? and c1_0.type_chambre=?
]]></system-out>
  </testcase>
  <testcase name="testGetChambresNonReserveParNomUniversiteEtTypeChambre" classname="tn.esprit.tpfoyer17.ChambreServiceTest" time="0.039">
    <system-out><![CDATA[Hibernate: select c1_0.id_chambre,c1_0.bloc_id_bloc,c1_0.numero_chambre,c1_0.type_chambre from chambre c1_0 join bloc b1_0 on b1_0.id_bloc=c1_0.bloc_id_bloc join foyer f1_0 on f1_0.id_foyer=b1_0.foyer_id_foyer join universite u1_0 on f1_0.id_foyer=u1_0.foyer_id_foyer where u1_0.nom_universite=? and (select count(r1_0.reservations_id_reservation) from chambre_reservations r1_0 where c1_0.id_chambre=r1_0.chambre_id_chambre)=0 and c1_0.type_chambre=?
]]></system-out>
  </testcase>
</testsuite>